Boyd ADMM Lasso reproduction run
Run directory: example/boyd_admm_lasso_20260513
MATLAB version: 25.1.0.2943329 (R2025a)
Timestamp: 2026-05-13 12:37:01
Source files: lasso.m, lasso_example.m

Running lasso_example.m...
iter	    r norm	   eps pri	    s norm	  eps dual	 objective
  1	    3.7048	    0.0465	    0.7250	    0.0441	      3.35
  2	    2.2654	    0.0409	    1.7960	    0.0653	     10.13
  3	    1.0958	    0.0529	    2.0325	    0.0734	     15.14
  4	    0.8050	    0.0687	    1.7219	    0.0736	     17.68
  5	    0.8619	    0.0801	    1.2234	    0.0704	     18.69
  6	    0.8078	    0.0864	    0.7669	    0.0667	     18.92
  7	    0.6611	    0.0889	    0.4398	    0.0635	     18.80
  8	    0.4906	    0.0890	    0.2659	    0.0612	     18.49
  9	    0.3379	    0.0878	    0.2159	    0.0598	     18.12
 10	    0.2255	    0.0861	    0.1987	    0.0591	     17.78
 11	    0.1585	    0.0845	    0.1721	    0.0590	     17.51
 12	    0.1212	    0.0833	    0.1379	    0.0591	     17.35
 13	    0.0979	    0.0825	    0.1044	    0.0595	     17.27
 14	    0.0799	    0.0820	    0.0759	    0.0598	     17.25
 15	    0.0650	    0.0819	    0.0532	    0.0602	     17.27
历时 0.255688 秒。

Saved result artifacts.
Final iter: 15
Final objval: 17.2693553575
Final r_norm: 0.0649905372515, eps_pri: 0.0818532325451
Final s_norm: 0.0531550738298, eps_dual: 0.0601837113356
Primal satisfied: 1
Dual satisfied: 1
